<?xml version="1.0" encoding="UTF-8"?>
<!-- Generated by org.testng.reporters.JUnitReportReporter -->
<testsuite skipped="0" hostname="AVINASH" name="Broweseroperation.sample1" tests="1" failures="0" timestamp="2022-05-03T09:01:24 IST" time="0.021" errors="0">
  <testcase name="smokeTc1" time="0.021" classname="Broweseroperation.sample1"/>
  <system-out/>
</testsuite> <!-- Broweseroperation.sample1 -->
