<?xml version="1.0" encoding="UTF-8"?>
<!-- Generated by org.testng.reporters.JUnitReportReporter -->
<testsuite skipped="0" hostname="AVINASH" name="Broweseroperation.sample2" tests="1" failures="0" timestamp="2022-05-03T09:10:20 IST" time="2.017" errors="0">
  <testcase name="reggTc1" time="2.017" classname="Broweseroperation.sample2"/>
  <system-out/>
</testsuite> <!-- Broweseroperation.sample2 -->
