<?xml version="1.0" encoding="UTF-8"?>
<!-- Generated by org.testng.reporters.JUnitReportReporter -->
<testsuite skipped="0" hostname="AVINASH" name="Broweseroperation.NewTest1" tests="2" failures="0" timestamp="2022-05-03T09:25:16 IST" time="0.015" errors="0">
  <testcase name="testcase6" time="0.002" classname="Broweseroperation.NewTest1"/>
  <system-out/>
  <testcase name="testCase5" time="0.013" classname="Broweseroperation.NewTest1"/>
  <system-out/>
</testsuite> <!-- Broweseroperation.NewTest1 -->
